[2026-05-11T23:34:19] run_dir=/home/reili/ee533/lab9/EE533_final_t1314_dev/netfpga/v10/tmp/rsu_protocol_demo
[2026-05-11T23:34:19] step=wrong_magic
[2026-05-11T23:34:19] ASYNC  sshpass -p r006+vYeW0Or ssh -o StrictHostKeyChecking=no -o KexAlgorithms=+diffie-hellman-group14-sha1 -tt node3@nf4.usc.edu 'bash -lc '"'"'#!/usr/bin/env bash
set -euo pipefail
mkdir -p "$HOME/v8/rsu_protocol_demo_sender/captures"
rm -f "$HOME/v8/rsu_protocol_demo_sender/captures/offload_smoke_sender.cap"
sudo /usr/sbin/tcpdump -i port0 -nn -U -c 1 '"'"'"'"'"'"'"'"'udp and src host 10.0.12.3 and dst host 10.0.14.3'"'"'"'"'"'"'"'"' -w "$HOME/v8/rsu_protocol_demo_sender/captures/offload_smoke_sender.cap"
'"'"'' < /home/reili/ee533/lab9/EE533_final_t1314_dev/netfpga/v10/tmp/rsu_protocol_demo/commands/nf4_capture_single_sender.sh
[2026-05-11T23:34:19] ASYNC  sshpass -p r006+vYeW0Or ssh -o StrictHostKeyChecking=no -o KexAlgorithms=+diffie-hellman-group14-sha1 -tt node3@nf1.usc.edu 'bash -lc '"'"'#!/usr/bin/env bash
set -euo pipefail
mkdir -p "$HOME/v8/rsu_protocol_demo_receiver/captures"
sudo /usr/sbin/tcpdump -i port2 -nn -U -c 1 '"'"'"'"'"'"'"'"'udp and src host 10.0.12.3 and dst host 10.0.14.3'"'"'"'"'"'"'"'"' -w "$HOME/v8/rsu_protocol_demo_receiver/captures/wrong_magic_bypass.cap"
'"'"'' < /home/reili/ee533/lab9/EE533_final_t1314_dev/netfpga/v10/tmp/rsu_protocol_demo/commands/nf1_capture_wrong_magic.sh
tcpdump: listening on port2, link-type EN10MB (Ethernet), capture size 96 bytes
[2026-05-11T23:34:20] REMOTE sshpass -p r006+vYeW0Or ssh -o StrictHostKeyChecking=no -o KexAlgorithms=+diffie-hellman-group14-sha1 -tt node3@nf4.usc.edu 'bash -lc '"'"'#!/usr/bin/env bash
set -euo pipefail
sudo /usr/bin/tcpreplay -i port0 "$HOME/v8/rsu_protocol_demo_sender/pcaps/wrong_magic_bypass.pcap"
'"'"'' < /home/reili/ee533/lab9/EE533_final_t1314_dev/netfpga/v10/tmp/rsu_protocol_demo/commands/nf4_replay_wrong_magic.sh
tcpdump: listening on port0, link-type EN10MB (Ethernet), capture size 96 bytes
1 packets captured
1 packets received by filter
0 packets dropped by kernel
Actual: 1 packets (90 bytes) sent in 0.000100 seconds.
Rated: 900000.0 Bps, 7.20 Mbps, 10000.00 pps
1 packets captured
1 packets received by filterConnection to nf4.usc.edu closed.
Flows: 1 flows, 10000.00 fps, 1 flow packets, 0 non-flow
Statistics for network device: port0
	Successful packets:        1
	Failed packets:            0
	Truncated packets:         0
	Retried packets (ENOBUFS): 0
	Retried packets (EAGAIN):  0
Connection to nf4.usc.edu closed.

0 packets dropped by kernel
Connection to nf1.usc.edu closed.
[2026-05-11T23:34:21] REMOTE sshpass -p r006+vYeW0Or ssh -o StrictHostKeyChecking=no -o KexAlgorithms=+diffie-hellman-group14-sha1 node3@nf4.usc.edu 'if [ -f $HOME/v8/rsu_protocol_demo_sender/captures/offload_smoke_sender.cap ]; then bytes=$(wc -c < $HOME/v8/rsu_protocol_demo_sender/captures/offload_smoke_sender.cap); printf '"'"'exists=1\nsize_bytes=%s\n'"'"' "$bytes"; else printf '"'"'exists=0\n'"'"'; fi'
exists=1
size_bytes=130
[2026-05-11T23:34:21] COPY   sshpass -p r006+vYeW0Or scp -o StrictHostKeyChecking=no -o KexAlgorithms=+diffie-hellman-group14-sha1 'node3@nf4.usc.edu:~/v8/rsu_protocol_demo_sender/captures/offload_smoke_sender.cap' /home/reili/ee533/lab9/EE533_final_t1314_dev/netfpga/v10/tmp/rsu_protocol_demo/captures/wrong_magic_sender_001.cap
[2026-05-11T23:34:22] REMOTE sshpass -p r006+vYeW0Or ssh -o StrictHostKeyChecking=no -o KexAlgorithms=+diffie-hellman-group14-sha1 node3@nf1.usc.edu 'if [ -f $HOME/v8/rsu_protocol_demo_receiver/captures/wrong_magic_bypass.cap ]; then bytes=$(wc -c < $HOME/v8/rsu_protocol_demo_receiver/captures/wrong_magic_bypass.cap); printf '"'"'exists=1\nsize_bytes=%s\n'"'"' "$bytes"; else printf '"'"'exists=0\n'"'"'; fi'
exists=1
size_bytes=130
[2026-05-11T23:34:22] COPY   sshpass -p r006+vYeW0Or scp -o StrictHostKeyChecking=no -o KexAlgorithms=+diffie-hellman-group14-sha1 'node3@nf1.usc.edu:~/v8/rsu_protocol_demo_receiver/captures/wrong_magic_bypass.cap' /home/reili/ee533/lab9/EE533_final_t1314_dev/netfpga/v10/tmp/rsu_protocol_demo/captures/wrong_magic_receiver_001.cap
